ARM GAS  /tmp/ccaNg20c.s 			page 1


   1              		.arch armv6
   2              		.eabi_attribute 27, 3
   3              		.eabi_attribute 28, 1
   4              		.fpu vfp
   5              		.eabi_attribute 20, 1
   6              		.eabi_attribute 21, 1
   7              		.eabi_attribute 23, 3
   8              		.eabi_attribute 24, 1
   9              		.eabi_attribute 25, 1
  10              		.eabi_attribute 26, 2
  11              		.eabi_attribute 30, 6
  12              		.eabi_attribute 34, 1
  13              		.eabi_attribute 18, 4
  14              		.file	"f4.c"
  15              		.text
  16              	.Ltext0:
  17              		.cfi_sections	.debug_frame
  18              		.global	us
  19              		.data
  20              		.align	1
  23              	us:
  24 0000 0500     		.short	5
  25              		.global	s
  26              		.align	1
  29              	s:
  30 0002 0500     		.short	5
  31              		.text
  32              		.align	2
  33              		.global	main
  35              	main:
  36              	.LFB2:
  37              		.file 1 "f4.c"
   1:f4.c          **** #include <stdio.h>
   2:f4.c          **** #include <stdlib.h>
   3:f4.c          **** 
   4:f4.c          **** unsigned short us = 5;
   5:f4.c          **** signed short s = 5;
   6:f4.c          **** 
   7:f4.c          **** int main() {
  38              		.loc 1 7 0
  39              		.cfi_startproc
  40              		@ args = 0, pretend = 0, frame = 8
  41              		@ frame_needed = 1, uses_anonymous_args = 0
  42              		@ link register save eliminated.
  43 0000 04B02DE5 		str	fp, [sp, #-4]!
  44              		.cfi_def_cfa_offset 4
  45              		.cfi_offset 11, -4
  46 0004 00B08DE2 		add	fp, sp, #0
  47              		.cfi_def_cfa_register 11
  48 0008 0CD04DE2 		sub	sp, sp, #12
   8:f4.c          **** 
   9:f4.c          **** 	int i = (int) us;
  49              		.loc 1 9 0
  50 000c 28309FE5 		ldr	r3, .L3
  51 0010 B030D3E1 		ldrh	r3, [r3]
  52 0014 08300BE5 		str	r3, [fp, #-8]
  10:f4.c          **** 	int j = (int) s;
ARM GAS  /tmp/ccaNg20c.s 			page 2


  53              		.loc 1 10 0
  54 0018 20309FE5 		ldr	r3, .L3+4
  55 001c B030D3E1 		ldrh	r3, [r3]
  56 0020 7330BFE6 		sxth	r3, r3
  57 0024 0C300BE5 		str	r3, [fp, #-12]
  11:f4.c          **** 
  12:f4.c          **** 	return 0;
  58              		.loc 1 12 0
  59 0028 0030A0E3 		mov	r3, #0
  13:f4.c          **** }
  60              		.loc 1 13 0
  61 002c 0300A0E1 		mov	r0, r3
  62 0030 00D04BE2 		sub	sp, fp, #0
  63              		.cfi_def_cfa_register 13
  64              		@ sp needed
  65 0034 04B09DE4 		ldr	fp, [sp], #4
  66              		.cfi_restore 11
  67              		.cfi_def_cfa_offset 0
  68 0038 1EFF2FE1 		bx	lr
  69              	.L4:
  70              		.align	2
  71              	.L3:
  72 003c 00000000 		.word	us
  73 0040 00000000 		.word	s
  74              		.cfi_endproc
  75              	.LFE2:
  77              	.Letext0:
ARM GAS  /tmp/ccaNg20c.s 			page 3


DEFINED SYMBOLS
                            *ABS*:00000000 f4.c
     /tmp/ccaNg20c.s:23     .data:00000000 us
     /tmp/ccaNg20c.s:20     .data:00000000 $d
     /tmp/ccaNg20c.s:29     .data:00000002 s
     /tmp/ccaNg20c.s:32     .text:00000000 $a
     /tmp/ccaNg20c.s:35     .text:00000000 main
     /tmp/ccaNg20c.s:72     .text:0000003c $d
                     .debug_frame:00000010 $d

NO UNDEFINED SYMBOLS
